{"C:\\Users\\User\\OneDrive\\streamlined-docs-client\\src\\Component.jsx": {"path":"C:\\Users\\User\\OneDrive\\streamlined-docs-client\\src\\Component.jsx","statementMap":{},"fnMap":{},"branchMap":{},"s":{},"f":{},"b":{}}
,"C:\\Users\\User\\OneDrive\\streamlined-docs-client\\src\\firebase\\firebase.config.js": {"path":"C:\\Users\\User\\OneDrive\\streamlined-docs-client\\src\\firebase\\firebase.config.js","statementMap":{"0":{"start":{"line":7,"column":23},"end":{"line":14,"column":1}},"1":{"start":{"line":17,"column":19},"end":{"line":17,"column":48}}},"fnMap":{},"branchMap":{},"s":{"0":0,"1":0},"f":{},"b":{}}
}
